<?xml version="1.0" encoding="UTF-8"?>
<!-- Generated by org.testng.reporters.JUnitReportReporter -->
<testsuite hostname="DESKTOP-9KNOF2M" failures="0" tests="2" name="LearningSelenium.Tests.ErrorValidationsTest" time="21.947" errors="0" timestamp="2024-07-07T22:40:35 CDT" skipped="0">
  <testcase classname="LearningSelenium.Tests.ErrorValidationsTest" name="LoginErrorValidations" time="11.148"/>
  <testcase classname="LearningSelenium.Tests.ErrorValidationsTest" name="ProductErrorValidation" time="10.799"/>
</testsuite> <!-- LearningSelenium.Tests.ErrorValidationsTest -->
