<?xml version="1.0" encoding="UTF-8"?>
<!-- Generated by org.testng.reporters.JUnitReportReporter -->
<testsuite hostname="DESKTOP-9KNOF2M" failures="0" tests="1" name="LearningSelenium.Tests.ErrorValidations" time="8.196" errors="0" timestamp="2024-06-16T14:20:08 CDT" skipped="0">
  <testcase classname="LearningSelenium.Tests.ErrorValidations" name="SubmitOrder" time="8.196"/>
</testsuite> <!-- LearningSelenium.Tests.ErrorValidations -->
