<?xml version="1.0" encoding="UTF-8"?>
<!-- Generated by org.testng.reporters.JUnitReportReporter -->
<testsuite hostname="DESKTOP-9KNOF2M" failures="0" tests="1" name="cucumber.TestNGTestRunner" time="8.974" errors="0" timestamp="2024-07-07T22:40:56 CDT" skipped="0">
  <testcase classname="cucumber.TestNGTestRunner" name="runScenario" time="8.974"/>
</testsuite> <!-- cucumber.TestNGTestRunner -->
